<?xml version="1.0" encoding="UTF-8"?>
<!-- Generated by org.testng.reporters.JUnitReportReporter -->
<testsuite hostname="BHARATHIRAJ-PC" failures="0" tests="1" name="com.automationpractice.qa.LogInPageTest" time="31.222" errors="0" timestamp="2020-07-21T11:19:34 IST" skipped="0">
  <testcase classname="com.automationpractice.qa.LogInPageTest" name="verifyLoginTest" time="31.222"/>
  <system-out/>
</testsuite> <!-- com.automationpractice.qa.LogInPageTest -->
