<?xml version="1.0" encoding="UTF-8"?>
<!-- Generated by org.testng.reporters.JUnitReportReporter -->
<testsuite hostname="BHARATHIRAJ-PC" failures="0" tests="2" name="com.automationpractice.qa.HomePageTest" time="42.069" errors="0" timestamp="2020-07-21T11:19:34 IST" skipped="0">
  <testcase classname="com.automationpractice.qa.HomePageTest" name="verifyHomePageTitle" time="23.254"/>
  <system-out/>
  <testcase classname="com.automationpractice.qa.HomePageTest" name="verifyLogin" time="18.815"/>
  <system-out/>
</testsuite> <!-- com.automationpractice.qa.HomePageTest -->
