<?xml version="1.0" encoding="UTF-8"?>
<!-- Generated by org.testng.reporters.JUnitReportReporter -->
<testsuite hostname="BHARATHIRAJ-PC" failures="0" tests="2" name="com.automationpractice.qa.HomePageTest" time="42.055" errors="0" timestamp="18 Jul 2020 03:47:23 GMT" skipped="0">
  <testcase classname="com.automationpractice.qa.HomePageTest" name="verifyLogin" time="27.974"/>
  <testcase classname="com.automationpractice.qa.HomePageTest" name="verifyHomePageTitle" time="14.081"/>
</testsuite> <!-- com.automationpractice.qa.HomePageTest -->
