<?xml version="1.0" encoding="UTF-8"?>
<!-- Generated by org.testng.reporters.JUnitReportReporter -->
<testsuite hostname="BHARATHIRAJ-PC" failures="0" tests="1" name="com.automationpractice.qa.RegistrationTest" time="56.967" errors="0" timestamp="2020-07-21T11:19:34 IST" skipped="0">
  <testcase classname="com.automationpractice.qa.RegistrationTest" name="CreateAnAccount" time="56.967"/>
  <system-out/>
</testsuite> <!-- com.automationpractice.qa.RegistrationTest -->
